<?xml version="1.0" encoding="UTF-8"?>
<testsuite xmlns:xsi="http://www.w3.org/2001/XMLSchema-instance" xsi:noNamespaceSchemaLocation="https://maven.apache.org/surefire/maven-surefire-plugin/xsd/surefire-test-report-3.0.xsd" version="3.0" name="edu.metrostate.ics625.courses.CoursesApplicationTests" time="6.809" tests="1" errors="0" skipped="0" failures="0">
  <properties>
[...]
</properties>
  <testcase name="contextLoads" classname="edu.metrostate.ics625.courses.CoursesApplicationTests" time="0.717">
    <system-out><![CDATA[09:11:24.265 [main] INFO org.springframework.test.context.support.AnnotationConfigContextLoaderUtils -- Could not detect default configuration classes for test class [edu.metrostate.ics625.courses.CoursesApplicationTests]: CoursesApplicationTests does not declare any static, non-private, non-final, nested classes annotated with @Configuration.
09:11:24.458 [main] INFO org.springframework.boot.test.context.SpringBootTestContextBootstrapper -- Found @SpringBootConfiguration edu.metrostate.ics625.courses.CoursesApplication for test class edu.metrostate.ics625.courses.CoursesApplicationTests
2023-11-05T09:11:25.138-06:00  INFO 23768 --- [           main] e.m.i.courses.CoursesApplicationTests    : Starting CoursesApplicationTests using Java 20.0.2 with PID 23768 (started by tomco in C:\Users\tomco\OneDrive\Documents\Metro State\ICS 625 Web Services and SOA\ics625project2\ics625project2)
2023-11-05T09:11:25.143-06:00  INFO 23768 --- [           main] e.m.i.courses.CoursesApplicationTests    : The following 1 profile is active: "h2"
2023-11-05T09:11:26.088-06:00  INFO 23768 --- [           main] .s.d.r.c.RepositoryConfigurationDelegate : Bootstrapping Spring Data JPA repositories in DEFAULT mode.
2023-11-05T09:11:26.150-06:00  INFO 23768 --- [           main] .s.d.r.c.RepositoryConfigurationDelegate : Finished Spring Data repository scanning in 49 ms. Found 1 JPA repository interfaces.
2023-11-05T09:11:26.449-06:00  INFO 23768 --- [           main] trationDelegate$BeanPostProcessorChecker : Bean 'wsConfig' of type [edu.metrostate.ics625.courses.WsConfig$$SpringCGLIB$$0] is not eligible for getting processed by all BeanPostProcessors (for example: not eligible for auto-proxying)
2023-11-05T09:11:26.449-06:00  INFO 23768 --- [           main] trationDelegate$BeanPostProcessorChecker : Bean 'org.springframework.ws.config.annotation.DelegatingWsConfiguration' of type [org.springframework.ws.config.annotation.DelegatingWsConfiguration$$SpringCGLIB$$0] is not eligible for getting processed by all BeanPostProcessors (for example: not eligible for auto-proxying)
2023-11-05T09:11:26.485-06:00  INFO 23768 --- [           main] .w.s.a.s.AnnotationActionEndpointMapping : Supporting [WS-Addressing August 2004, WS-Addressing 1.0]
2023-11-05T09:11:26.764-06:00  INFO 23768 --- [           main] o.hibernate.jpa.internal.util.LogHelper  : HHH000204: Processing PersistenceUnitInfo [name: default]
2023-11-05T09:11:26.857-06:00  INFO 23768 --- [           main] org.hibernate.Version                    : HHH000412: Hibernate ORM core version 6.2.13.Final
2023-11-05T09:11:26.859-06:00  INFO 23768 --- [           main] org.hibernate.cfg.Environment            : HHH000406: Using bytecode reflection optimizer
2023-11-05T09:11:27.361-06:00  INFO 23768 --- [           main] o.s.o.j.p.SpringPersistenceUnitInfo      : No LoadTimeWeaver setup: ignoring JPA class transformer
2023-11-05T09:11:27.406-06:00  INFO 23768 --- [           main] com.zaxxer.hikari.HikariDataSource       : HikariPool-1 - Starting...
2023-11-05T09:11:27.824-06:00  INFO 23768 --- [           main] com.zaxxer.hikari.pool.HikariPool        : HikariPool-1 - Added connection conn0: url=jdbc:h2:mem:testdb user=SA
2023-11-05T09:11:27.826-06:00  INFO 23768 --- [           main] com.zaxxer.hikari.HikariDataSource       : HikariPool-1 - Start completed.
2023-11-05T09:11:27.870-06:00  WARN 23768 --- [           main] org.hibernate.orm.deprecation            : HHH90000025: H2Dialect does not need to be specified explicitly using 'hibernate.dialect' (remove the property setting and it will be selected by default)
2023-11-05T09:11:28.858-06:00  INFO 23768 --- [           main] o.h.e.t.j.p.i.JtaPlatformInitiator       : HHH000489: No JTA platform available (set 'hibernate.transaction.jta.platform' to enable JTA platform integration)
Hibernate: create table course (id bigint not null, number varchar(255), offered boolean not null, title varchar(255), primary key (id))
Hibernate: create sequence course_seq start with 1 increment by 50
2023-11-05T09:11:28.899-06:00  INFO 23768 --- [           main] j.LocalContainerEntityManagerFactoryBean : Initialized JPA EntityManagerFactory for persistence unit 'default'
2023-11-05T09:11:29.518-06:00  WARN 23768 --- [           main] JpaBaseConfiguration$JpaWebConfiguration : spring.jpa.open-in-view is enabled by default. Therefore, database queries may be performed during view rendering. Explicitly configure spring.jpa.open-in-view to disable this warning
2023-11-05T09:11:29.996-06:00  INFO 23768 --- [           main] o.s.b.a.h2.H2ConsoleAutoConfiguration    : H2 console available at '/h2-console'. Database available at 'jdbc:h2:mem:testdb'
2023-11-05T09:11:30.066-06:00  INFO 23768 --- [           main] e.m.i.courses.CoursesApplicationTests    : Started CoursesApplicationTests in 5.353 seconds (process running for 6.919)
]]></system-out>
  </testcase>
</testsuite>